<<<<<<< HEAD
79:l42/tmux.lua
0 0 0 37 37 0 0 36 24 0 12 37 0 0 12 0 12 0 12 49 0 0 24 24 0 24 0 24 61 0 37 4 0 4 4 0 41 0 37 4 0 4 4 4 0 41 0 0 4 41 0 0 4 4 41 0 0 4 41 0 0 4 4 41 0 0 0 0 37 0 37 37 37 37 37 37 37 37 37 
54:l42/tools.lua
0 0 0 37 0 0 0 37 0 0 192 192 0 192 135 0 229 0 0 0 0 0 37 0 0 0 50 206 156 206 206 206 124 0 22 15 0 120 120 45 0 0 75 75 22 15 22 37 37 37 37 37 37 15 
159:l42/tools/fn.lua
0 0 40 0 40 0 40 0 0 0 0 0 0 0 0 0 0 40 0 0 0 0 0 40 0 0 0 0 0 0 0 0 40 0 0 8 0 64 64 64 8 40 0 0 0 0 0 0 0 0 40 0 0 0 0 0 0 0 40 0 0 64 0 0 64 0 40 0 0 8 8 8 0 0 0 0 8 72 64 0 8 40 0 0 0 0 40 0 0 0 0 0 0 40 0 0 0 0 0 40 0 0 0 0 0 0 0 0 0 40 0 0 0 0 0 0 0 40 0 0 8 0 64 64 8 8 40 0 8 8 72 64 0 8 40 0 0 0 0 0 0 40 0 40 40 40 40 40 40 40 40 40 40 40 40 40 40 40 40 
177:l42/tools/list.lua
0 0 40 40 0 0 64 64 0 0 0 0 0 0 0 128 64 0 128 64 0 0 64 40 0 0 0 0 0 0 0 40 0 0 0 0 0 0 0 0 40 0 0 0 0 0 0 0 40 0 0 0 0 0 0 0 0 0 0 0 0 0 0 0 40 0 0 0 0 0 0 0 0 0 0 0 40 0 0 0 0 0 0 0 0 0 0 40 0 0 0 0 40 0 0 0 0 0 0 0 0 0 0 0 0 0 0 0 0 0 0 0 0 40 0 0 0 0 0 0 0 0 0 40 0 0 0 0 0 0 0 0 0 40 0 0 0 0 0 40 0 0 0 0 0 0 0 40 0 0 0 0 0 0 0 0 0 0 0 0 0 0 40 40 40 40 40 40 40 40 40 40 40 40 40 40 40 
68:l42/tools/range.lua
0 0 0 40 0 0 0 0 0 0 0 40 0 0 0 0 0 0 0 40 0 0 0 0 0 0 40 0 0 0 0 0 0 40 0 0 0 0 0 0 0 0 0 0 40 0 0 0 0 0 0 40 0 0 0 0 0 0 0 0 0 0 0 0 0 0 40 40 
132:l42/tools/string.lua
0 0 40 40 40 0 0 0 0 0 0 0 0 0 0 0 0 0 0 0 0 0 0 40 0 0 0 0 0 0 0 0 40 0 0 0 0 0 0 0 0 0 0 0 0 0 0 0 0 0 0 40 0 0 0 0 0 0 0 0 0 0 0 0 0 40 0 0 40 40 40 0 0 0 0 0 0 0 0 0 0 0 40 0 0 0 0 40 0 0 0 0 40 0 0 0 0 40 0 0 0 0 0 40 0 0 0 0 0 0 0 0 0 0 0 0 0 40 0 0 0 40 0 40 40 40 40 40 40 40 40 40 
=======
53:l42/tools.lua
0 0 0 10 0 0 0 10 0 0 0 0 0 0 0 0 10 0 0 0 0 0 10 0 0 0 0 3 3 3 3 3 3 0 10 0 0 0 0 0 0 0 0 0 10 0 10 10 10 10 10 10 10 
159:l42/tools/fn.lua
0 0 10 0 10 0 10 0 0 0 0 0 0 0 0 0 0 10 0 0 0 0 0 10 0 0 0 0 0 0 0 0 10 0 0 4 0 32 32 32 4 10 0 0 0 0 0 0 0 0 10 0 0 0 0 0 0 0 10 0 0 32 0 0 32 0 10 0 0 4 4 4 0 0 0 0 4 36 32 0 4 10 0 0 0 0 10 0 0 0 0 0 0 10 0 0 0 0 0 10 0 0 0 0 0 0 0 0 0 10 0 0 0 0 0 0 0 10 0 0 4 0 32 32 4 4 10 0 4 4 36 32 0 4 10 0 0 0 0 0 0 10 0 10 10 10 10 10 10 10 10 10 10 10 10 10 10 10 10 
177:l42/tools/list.lua
0 0 10 10 0 0 32 32 0 0 0 0 0 0 0 64 32 8 64 32 8 0 32 10 0 0 0 0 0 0 0 10 0 0 0 0 0 0 0 0 10 0 0 0 0 0 0 0 10 0 0 0 0 0 0 0 0 0 0 0 0 0 0 0 10 0 0 0 0 0 0 0 0 0 0 0 10 0 0 0 0 0 0 0 0 0 0 10 0 0 0 0 10 0 0 0 0 0 0 0 0 0 0 0 0 0 0 0 0 0 0 0 0 10 0 0 0 0 0 0 0 0 0 10 0 0 0 0 0 0 0 0 0 10 0 0 0 0 0 10 0 0 0 0 0 0 0 10 0 0 0 0 0 0 0 0 0 0 0 0 0 0 10 10 10 10 10 10 10 10 10 10 10 10 10 10 10 
68:l42/tools/range.lua
0 0 0 10 0 0 0 0 0 0 0 10 0 0 0 0 0 0 0 10 0 0 0 0 0 0 10 0 0 0 0 0 0 10 0 0 0 0 0 0 0 0 0 0 10 0 0 0 0 0 0 10 0 0 0 0 0 0 0 0 0 0 0 0 0 0 10 10 
132:l42/tools/string.lua
0 0 10 10 10 0 0 0 0 0 0 0 0 0 0 0 0 0 0 0 0 0 0 10 0 0 0 0 0 0 0 0 10 0 0 0 0 0 0 0 0 0 0 0 0 0 0 0 0 0 0 10 0 0 0 0 0 0 0 0 0 0 0 0 0 10 0 0 10 10 10 0 0 0 0 0 0 0 0 0 0 0 10 0 0 0 0 10 0 0 0 0 10 0 0 0 0 10 0 0 0 0 0 10 0 0 0 0 0 0 0 0 0 0 0 0 0 10 0 0 0 10 0 10 10 10 10 10 10 10 10 10 
>>>>>>> c055ea0 (added luacov to .gitignore)
